# JRE version: Java(TM) SE Runtime Environment (15.0.1+9) (build 15.0.1+9-18)
# Java VM: Java HotSpot(TM) 64-Bit Server VM (15.0.1+9-18, mixed mode, sharing, tiered, compressed oops, g1 gc, windows-amd64)
GC Precious Log:
 CPUs: 4 total, 4 available
 Memory: 7895M
 Large Page Support: Disabled
 NUMA Support: Disabled
 Compressed Oops: Enabled (32-bit)
 Heap Region Size: 1M
 Heap Min Capacity: 8M
 Heap Initial Capacity: 124M
 Heap Max Capacity: 1974M
 Pre-touch: Disabled
 Parallel Workers: 4
 Concurrent Workers: 1
 Concurrent Refinement Workers: 4
 Periodic GC: Disabled
Heap:
 garbage-first heap   total 253952K, used 141641K [0x0000000084a00000, 0x0000000100000000)
  region size 1024K, 87 young (89088K), 11 survivors (11264K)
 Metaspace       used 1532K, capacity 4652K, committed 4864K, reserved 1056768K
  class space    used 134K, capacity 396K, committed 512K, reserved 1048576K
GC Heap History (10 events):
Event: 0.484 GC heap before
{Heap before GC invocations=0 (full 0):
 garbage-first heap   total 126976K, used 13312K [0x0000000084a00000, 0x0000000100000000)
  region size 1024K, 13 young (13312K), 0 survivors (0K)
 Metaspace       used 1153K, capacity 4650K, committed 4864K, reserved 1056768K
  class space    used 105K, capacity 394K, committed 512K, reserved 1048576K
}
Event: 0.515 GC heap after
{Heap after GC invocations=1 (full 0):
 garbage-first heap   total 126976K, used 11864K [0x0000000084a00000, 0x0000000100000000)
  region size 1024K, 2 young (2048K), 2 survivors (2048K)
 Metaspace       used 1153K, capacity 4650K, committed 4864K, reserved 1056768K
  class space    used 105K, capacity 394K, committed 512K, reserved 1048576K
}
Event: 0.556 GC heap before
{Heap before GC invocations=1 (full 0):
 garbage-first heap   total 126976K, used 20056K [0x0000000084a00000, 0x0000000100000000)
  region size 1024K, 9 young (9216K), 2 survivors (2048K)
 Metaspace       used 1169K, capacity 4650K, committed 4864K, reserved 1056768K
  class space    used 105K, capacity 394K, committed 512K, reserved 1048576K
}
Event: 0.580 GC heap after
{Heap after GC invocations=2 (full 0):
 garbage-first heap   total 126976K, used 20480K [0x0000000084a00000, 0x0000000100000000)
  region size 1024K, 2 young (2048K), 2 survivors (2048K)
 Metaspace       used 1169K, capacity 4650K, committed 4864K, reserved 1056768K
  class space    used 105K, capacity 394K, committed 512K, reserved 1048576K
}
Event: 1.243 GC heap before
{Heap before GC invocations=2 (full 0):
 garbage-first heap   total 126976K, used 35840K [0x0000000084a00000, 0x0000000100000000)
  region size 1024K, 12 young (12288K), 2 survivors (2048K)
 Metaspace       used 1169K, capacity 4650K, committed 4864K, reserved 1056768K
  class space    used 105K, capacity 394K, committed 512K, reserved 1048576K
}
Event: 1.276 GC heap after
{Heap after GC invocations=3 (full 0):
 garbage-first heap   total 126976K, used 36352K [0x0000000084a00000, 0x0000000100000000)
  region size 1024K, 2 young (2048K), 2 survivors (2048K)
 Metaspace       used 1169K, capacity 4650K, committed 4864K, reserved 1056768K
  class space    used 105K, capacity 394K, committed 512K, reserved 1048576K
}
Event: 5.200 GC heap before
{Heap before GC invocations=3 (full 0):
 garbage-first heap   total 126976K, used 52736K [0x0000000084a00000, 0x0000000100000000)
  region size 1024K, 18 young (18432K), 2 survivors (2048K)
 Metaspace       used 1417K, capacity 4650K, committed 4864K, reserved 1056768K
  class space    used 121K, capacity 394K, committed 512K, reserved 1048576K
}
Event: 5.232 GC heap after
{Heap after GC invocations=4 (full 0):
 garbage-first heap   total 126976K, used 47616K [0x0000000084a00000, 0x0000000100000000)
  region size 1024K, 3 young (3072K), 3 survivors (3072K)
 Metaspace       used 1417K, capacity 4650K, committed 4864K, reserved 1056768K
  class space    used 121K, capacity 394K, committed 512K, reserved 1048576K
}
Event: 5.427 GC heap before
{Heap before GC invocations=4 (full 0):
 garbage-first heap   total 126976K, used 67072K [0x0000000084a00000, 0x0000000100000000)
  region size 1024K, 22 young (22528K), 3 survivors (3072K)
 Metaspace       used 1418K, capacity 4650K, committed 4864K, reserved 1056768K
  class space    used 121K, capacity 394K, committed 512K, reserved 1048576K
}
Event: 5.442 GC heap after
{Heap after GC invocations=5 (full 0):
 garbage-first heap   total 253952K, used 49433K [0x0000000084a00000, 0x0000000100000000)
  region size 1024K, 2 young (2048K), 2 survivors (2048K)
 Metaspace       used 1418K, capacity 4650K, committed 4864K, reserved 1056768K
  class space    used 121K, capacity 394K, committed 512K, reserved 1048576K
}

